[12-Dec-2016 14:46:02 UTC] PHP Strict Standards:  Redefining already defined constructor for class ImageCleanup in /home/.sites/381/site6975094/web/schwulissimo/wp-content/plugins/image-cleanup/image-cleanup.plugin.php on line 111
[12-Dec-2016 14:46:02 UTC] PHP Strict Standards:  Declaration of Image_Cleanup_Backup_Table::prepare_items() should be compatible with WP_List_Table::prepare_items() in /home/.sites/381/site6975094/web/schwulissimo/wp-content/plugins/image-cleanup/image-cleanup.backup-table.class.php on line 8
[12-Dec-2016 14:46:02 UTC] PHP Strict Standards:  Declaration of Image_Cleanup_File_Table::prepare_items() should be compatible with WP_List_Table::prepare_items() in /home/.sites/381/site6975094/web/schwulissimo/wp-content/plugins/image-cleanup/image-cleanup.file-table.class.php on line 340
[12-Dec-2016 14:46:03 UTC] PHP Strict Standards:  Redefining already defined constructor for class ImageCleanup in /home/.sites/381/site6975094/web/schwulissimo/wp-content/plugins/image-cleanup/image-cleanup.plugin.php on line 111
[12-Dec-2016 14:46:03 UTC] PHP Strict Standards:  Declaration of Image_Cleanup_Backup_Table::prepare_items() should be compatible with WP_List_Table::prepare_items() in /home/.sites/381/site6975094/web/schwulissimo/wp-content/plugins/image-cleanup/image-cleanup.backup-table.class.php on line 8
[12-Dec-2016 14:46:03 UTC] PHP Strict Standards:  Declaration of Image_Cleanup_File_Table::prepare_items() should be compatible with WP_List_Table::prepare_items() in /home/.sites/381/site6975094/web/schwulissimo/wp-content/plugins/image-cleanup/image-cleanup.file-table.class.php on line 340
[12-Dec-2016 14:46:03 UTC] PHP Notice:  Use of undefined constant data - assumed 'data' in /home/.sites/381/site6975094/web/schwulissimo/wp-content/themes/schwulissimo/inc/importer-partypics.php on line 137
[12-Dec-2016 14:46:05 UTC] PHP Strict Standards:  Redefining already defined constructor for class ImageCleanup in /home/.sites/381/site6975094/web/schwulissimo/wp-content/plugins/image-cleanup/image-cleanup.plugin.php on line 111
[12-Dec-2016 14:46:05 UTC] PHP Strict Standards:  Declaration of Image_Cleanup_Backup_Table::prepare_items() should be compatible with WP_List_Table::prepare_items() in /home/.sites/381/site6975094/web/schwulissimo/wp-content/plugins/image-cleanup/image-cleanup.backup-table.class.php on line 8
[12-Dec-2016 14:46:05 UTC] PHP Strict Standards:  Declaration of Image_Cleanup_File_Table::prepare_items() should be compatible with WP_List_Table::prepare_items() in /home/.sites/381/site6975094/web/schwulissimo/wp-content/plugins/image-cleanup/image-cleanup.file-table.class.php on line 340
[12-Dec-2016 14:46:05 UTC] PHP Strict Standards:  Redefining already defined constructor for class ImageCleanup in /home/.sites/381/site6975094/web/schwulissimo/wp-content/plugins/image-cleanup/image-cleanup.plugin.php on line 111
[12-Dec-2016 14:46:05 UTC] PHP Strict Standards:  Declaration of Image_Cleanup_Backup_Table::prepare_items() should be compatible with WP_List_Table::prepare_items() in /home/.sites/381/site6975094/web/schwulissimo/wp-content/plugins/image-cleanup/image-cleanup.backup-table.class.php on line 8
[12-Dec-2016 14:46:05 UTC] PHP Strict Standards:  Declaration of Image_Cleanup_File_Table::prepare_items() should be compatible with WP_List_Table::prepare_items() in /home/.sites/381/site6975094/web/schwulissimo/wp-content/plugins/image-cleanup/image-cleanup.file-table.class.php on line 340
[12-Dec-2016 14:46:06 UTC] PHP Strict Standards:  Redefining already defined constructor for class ImageCleanup in /home/.sites/381/site6975094/web/schwulissimo/wp-content/plugins/image-cleanup/image-cleanup.plugin.php on line 111
[12-Dec-2016 14:46:06 UTC] PHP Strict Standards:  Redefining already defined constructor for class ImageCleanup in /home/.sites/381/site6975094/web/schwulissimo/wp-content/plugins/image-cleanup/image-cleanup.plugin.php on line 111
[12-Dec-2016 14:46:06 UTC] PHP Strict Standards:  Declaration of Image_Cleanup_Backup_Table::prepare_items() should be compatible with WP_List_Table::prepare_items() in /home/.sites/381/site6975094/web/schwulissimo/wp-content/plugins/image-cleanup/image-cleanup.backup-table.class.php on line 8
[12-Dec-2016 14:46:06 UTC] PHP Strict Standards:  Declaration of Image_Cleanup_Backup_Table::prepare_items() should be compatible with WP_List_Table::prepare_items() in /home/.sites/381/site6975094/web/schwulissimo/wp-content/plugins/image-cleanup/image-cleanup.backup-table.class.php on line 8
[12-Dec-2016 14:46:06 UTC] PHP Strict Standards:  Declaration of Image_Cleanup_File_Table::prepare_items() should be compatible with WP_List_Table::prepare_items() in /home/.sites/381/site6975094/web/schwulissimo/wp-content/plugins/image-cleanup/image-cleanup.file-table.class.php on line 340
[12-Dec-2016 14:46:06 UTC] PHP Strict Standards:  Redefining already defined constructor for class ImageCleanup in /home/.sites/381/site6975094/web/schwulissimo/wp-content/plugins/image-cleanup/image-cleanup.plugin.php on line 111
[12-Dec-2016 14:46:06 UTC] PHP Strict Standards:  Declaration of Image_Cleanup_File_Table::prepare_items() should be compatible with WP_List_Table::prepare_items() in /home/.sites/381/site6975094/web/schwulissimo/wp-content/plugins/image-cleanup/image-cleanup.file-table.class.php on line 340
[12-Dec-2016 14:46:06 UTC] PHP Strict Standards:  Declaration of Image_Cleanup_Backup_Table::prepare_items() should be compatible with WP_List_Table::prepare_items() in /home/.sites/381/site6975094/web/schwulissimo/wp-content/plugins/image-cleanup/image-cleanup.backup-table.class.php on line 8
[12-Dec-2016 14:46:06 UTC] PHP Strict Standards:  Declaration of Image_Cleanup_File_Table::prepare_items() should be compatible with WP_List_Table::prepare_items() in /home/.sites/381/site6975094/web/schwulissimo/wp-content/plugins/image-cleanup/image-cleanup.file-table.class.php on line 340
[12-Dec-2016 14:46:06 UTC] PHP Strict Standards:  Redefining already defined constructor for class ImageCleanup in /home/.sites/381/site6975094/web/schwulissimo/wp-content/plugins/image-cleanup/image-cleanup.plugin.php on line 111
[12-Dec-2016 14:46:06 UTC] PHP Strict Standards:  Declaration of Image_Cleanup_Backup_Table::prepare_items() should be compatible with WP_List_Table::prepare_items() in /home/.sites/381/site6975094/web/schwulissimo/wp-content/plugins/image-cleanup/image-cleanup.backup-table.class.php on line 8
[12-Dec-2016 14:46:06 UTC] PHP Strict Standards:  Declaration of Image_Cleanup_File_Table::prepare_items() should be compatible with WP_List_Table::prepare_items() in /home/.sites/381/site6975094/web/schwulissimo/wp-content/plugins/image-cleanup/image-cleanup.file-table.class.php on line 340
[12-Dec-2016 14:46:08 UTC] PHP Warning:  getimagesize(/home/.sites/381/site6975094/web/schwulissimo/wp-content/themes/schwulissimo/inc/tmp/galerien/_20070217/.): failed to open stream: No such file or directory in /home/.sites/381/site6975094/web/schwulissimo/wp-content/themes/schwulissimo/inc/SimpleImage.php on line 1226
[12-Dec-2016 14:46:08 UTC] PHP Fatal error:  Uncaught exception 'Exception' with message 'Invalid image: /home/.sites/381/site6975094/web/schwulissimo/wp-content/themes/schwulissimo/inc/tmp/galerien/_20070217/.' in /home/.sites/381/site6975094/web/schwulissimo/wp-content/themes/schwulissimo/inc/SimpleImage.php:1239
Stack trace:
#0 /home/.sites/381/site6975094/web/schwulissimo/wp-content/themes/schwulissimo/inc/SimpleImage.php(546): abeautifulsite\SimpleImage->get_meta_data()
#1 /home/.sites/381/site6975094/web/schwulissimo/wp-content/themes/schwulissimo/inc/SimpleImage.php(47): abeautifulsite\SimpleImage->load('/home/.sites/38...')
#2 /home/.sites/381/site6975094/web/schwulissimo/wp-content/themes/schwulissimo/inc/importer-partypics.php(229): abeautifulsite\SimpleImage->__construct('/home/.sites/38...')
#3 [internal function]: {closure}('')
#4 /home/.sites/381/site6975094/web/schwulissimo/wp-includes/plugin.php(524): call_user_func_array(Object(Closure), Array)
#5 /home/.sites/381/site6975094/web/schwulissimo/wp-admin/admin-ajax.php(91): do_action('wp_a in /home/.sites/381/site6975094/web/schwulissimo/wp-content/themes/schwulissimo/inc/SimpleImage.php on line 1239
[12-Dec-2016 14:46:08 UTC] PHP Notice:  getimagesize(): Read error! in /home/.sites/381/site6975094/web/schwulissimo/wp-content/themes/schwulissimo/inc/SimpleImage.php on line 1226
[12-Dec-2016 14:46:08 UTC] PHP Fatal error:  Uncaught exception 'Exception' with message 'Invalid image: /home/.sites/381/site6975094/web/schwulissimo/wp-content/themes/schwulissimo/inc/tmp/galerien/_20070217/..' in /home/.sites/381/site6975094/web/schwulissimo/wp-content/themes/schwulissimo/inc/SimpleImage.php:1239
Stack trace:
#0 /home/.sites/381/site6975094/web/schwulissimo/wp-content/themes/schwulissimo/inc/SimpleImage.php(546): abeautifulsite\SimpleImage->get_meta_data()
#1 /home/.sites/381/site6975094/web/schwulissimo/wp-content/themes/schwulissimo/inc/SimpleImage.php(47): abeautifulsite\SimpleImage->load('/home/.sites/38...')
#2 /home/.sites/381/site6975094/web/schwulissimo/wp-content/themes/schwulissimo/inc/importer-partypics.php(229): abeautifulsite\SimpleImage->__construct('/home/.sites/38...')
#3 [internal function]: {closure}('')
#4 /home/.sites/381/site6975094/web/schwulissimo/wp-includes/plugin.php(524): call_user_func_array(Object(Closure), Array)
#5 /home/.sites/381/site6975094/web/schwulissimo/wp-admin/admin-ajax.php(91): do_action('wp_ in /home/.sites/381/site6975094/web/schwulissimo/wp-content/themes/schwulissimo/inc/SimpleImage.php on line 1239
[12-Dec-2016 14:46:09 UTC] PHP Warning:  getimagesize(/home/.sites/381/site6975094/web/schwulissimo/wp-content/themes/schwulissimo/inc/tmp/galerien/_20070217/003.jpg): failed to open stream: No such file or directory in /home/.sites/381/site6975094/web/schwulissimo/wp-content/themes/schwulissimo/inc/SimpleImage.php on line 1226
[12-Dec-2016 14:46:09 UTC] PHP Fatal error:  Uncaught exception 'Exception' with message 'Invalid image: /home/.sites/381/site6975094/web/schwulissimo/wp-content/themes/schwulissimo/inc/tmp/galerien/_20070217/003.jpg' in /home/.sites/381/site6975094/web/schwulissimo/wp-content/themes/schwulissimo/inc/SimpleImage.php:1239
Stack trace:
#0 /home/.sites/381/site6975094/web/schwulissimo/wp-content/themes/schwulissimo/inc/SimpleImage.php(546): abeautifulsite\SimpleImage->get_meta_data()
#1 /home/.sites/381/site6975094/web/schwulissimo/wp-content/themes/schwulissimo/inc/SimpleImage.php(47): abeautifulsite\SimpleImage->load('/home/.sites/38...')
#2 /home/.sites/381/site6975094/web/schwulissimo/wp-content/themes/schwulissimo/inc/importer-partypics.php(229): abeautifulsite\SimpleImage->__construct('/home/.sites/38...')
#3 [internal function]: {closure}('')
#4 /home/.sites/381/site6975094/web/schwulissimo/wp-includes/plugin.php(524): call_user_func_array(Object(Closure), Array)
#5 /home/.sites/381/site6975094/web/schwulissimo/wp-admin/admin-ajax.php(91): do_action in /home/.sites/381/site6975094/web/schwulissimo/wp-content/themes/schwulissimo/inc/SimpleImage.php on line 1239
[12-Dec-2016 14:46:09 UTC] PHP Warning:  getimagesize(/home/.sites/381/site6975094/web/schwulissimo/wp-content/themes/schwulissimo/inc/tmp/galerien/_20070217/001.jpg): failed to open stream: No such file or directory in /home/.sites/381/site6975094/web/schwulissimo/wp-content/themes/schwulissimo/inc/SimpleImage.php on line 1226
[12-Dec-2016 14:46:09 UTC] PHP Fatal error:  Uncaught exception 'Exception' with message 'Invalid image: /home/.sites/381/site6975094/web/schwulissimo/wp-content/themes/schwulissimo/inc/tmp/galerien/_20070217/001.jpg' in /home/.sites/381/site6975094/web/schwulissimo/wp-content/themes/schwulissimo/inc/SimpleImage.php:1239
Stack trace:
#0 /home/.sites/381/site6975094/web/schwulissimo/wp-content/themes/schwulissimo/inc/SimpleImage.php(546): abeautifulsite\SimpleImage->get_meta_data()
#1 /home/.sites/381/site6975094/web/schwulissimo/wp-content/themes/schwulissimo/inc/SimpleImage.php(47): abeautifulsite\SimpleImage->load('/home/.sites/38...')
#2 /home/.sites/381/site6975094/web/schwulissimo/wp-content/themes/schwulissimo/inc/importer-partypics.php(229): abeautifulsite\SimpleImage->__construct('/home/.sites/38...')
#3 [internal function]: {closure}('')
#4 /home/.sites/381/site6975094/web/schwulissimo/wp-includes/plugin.php(524): call_user_func_array(Object(Closure), Array)
#5 /home/.sites/381/site6975094/web/schwulissimo/wp-admin/admin-ajax.php(91): do_action in /home/.sites/381/site6975094/web/schwulissimo/wp-content/themes/schwulissimo/inc/SimpleImage.php on line 1239
[12-Dec-2016 14:46:09 UTC] PHP Warning:  getimagesize(/home/.sites/381/site6975094/web/schwulissimo/wp-content/themes/schwulissimo/inc/tmp/galerien/_20070217/002.jpg): failed to open stream: No such file or directory in /home/.sites/381/site6975094/web/schwulissimo/wp-content/themes/schwulissimo/inc/SimpleImage.php on line 1226
[12-Dec-2016 14:46:09 UTC] PHP Fatal error:  Uncaught exception 'Exception' with message 'Invalid image: /home/.sites/381/site6975094/web/schwulissimo/wp-content/themes/schwulissimo/inc/tmp/galerien/_20070217/002.jpg' in /home/.sites/381/site6975094/web/schwulissimo/wp-content/themes/schwulissimo/inc/SimpleImage.php:1239
Stack trace:
#0 /home/.sites/381/site6975094/web/schwulissimo/wp-content/themes/schwulissimo/inc/SimpleImage.php(546): abeautifulsite\SimpleImage->get_meta_data()
#1 /home/.sites/381/site6975094/web/schwulissimo/wp-content/themes/schwulissimo/inc/SimpleImage.php(47): abeautifulsite\SimpleImage->load('/home/.sites/38...')
#2 /home/.sites/381/site6975094/web/schwulissimo/wp-content/themes/schwulissimo/inc/importer-partypics.php(229): abeautifulsite\SimpleImage->__construct('/home/.sites/38...')
#3 [internal function]: {closure}('')
#4 /home/.sites/381/site6975094/web/schwulissimo/wp-includes/plugin.php(524): call_user_func_array(Object(Closure), Array)
#5 /home/.sites/381/site6975094/web/schwulissimo/wp-admin/admin-ajax.php(91): do_action in /home/.sites/381/site6975094/web/schwulissimo/wp-content/themes/schwulissimo/inc/SimpleImage.php on line 1239
[12-Dec-2016 14:46:09 UTC] PHP Warning:  getimagesize(/home/.sites/381/site6975094/web/schwulissimo/wp-content/themes/schwulissimo/inc/tmp/galerien/_20070217/004.jpg): failed to open stream: No such file or directory in /home/.sites/381/site6975094/web/schwulissimo/wp-content/themes/schwulissimo/inc/SimpleImage.php on line 1226
[12-Dec-2016 14:46:09 UTC] PHP Fatal error:  Uncaught exception 'Exception' with message 'Invalid image: /home/.sites/381/site6975094/web/schwulissimo/wp-content/themes/schwulissimo/inc/tmp/galerien/_20070217/004.jpg' in /home/.sites/381/site6975094/web/schwulissimo/wp-content/themes/schwulissimo/inc/SimpleImage.php:1239
Stack trace:
#0 /home/.sites/381/site6975094/web/schwulissimo/wp-content/themes/schwulissimo/inc/SimpleImage.php(546): abeautifulsite\SimpleImage->get_meta_data()
#1 /home/.sites/381/site6975094/web/schwulissimo/wp-content/themes/schwulissimo/inc/SimpleImage.php(47): abeautifulsite\SimpleImage->load('/home/.sites/38...')
#2 /home/.sites/381/site6975094/web/schwulissimo/wp-content/themes/schwulissimo/inc/importer-partypics.php(229): abeautifulsite\SimpleImage->__construct('/home/.sites/38...')
#3 [internal function]: {closure}('')
#4 /home/.sites/381/site6975094/web/schwulissimo/wp-includes/plugin.php(524): call_user_func_array(Object(Closure), Array)
#5 /home/.sites/381/site6975094/web/schwulissimo/wp-admin/admin-ajax.php(91): do_action in /home/.sites/381/site6975094/web/schwulissimo/wp-content/themes/schwulissimo/inc/SimpleImage.php on line 1239
[12-Dec-2016 14:46:11 UTC] PHP Strict Standards:  Redefining already defined constructor for class ImageCleanup in /home/.sites/381/site6975094/web/schwulissimo/wp-content/plugins/image-cleanup/image-cleanup.plugin.php on line 111
[12-Dec-2016 14:46:11 UTC] PHP Strict Standards:  Declaration of Image_Cleanup_Backup_Table::prepare_items() should be compatible with WP_List_Table::prepare_items() in /home/.sites/381/site6975094/web/schwulissimo/wp-content/plugins/image-cleanup/image-cleanup.backup-table.class.php on line 8
[12-Dec-2016 14:46:11 UTC] PHP Strict Standards:  Declaration of Image_Cleanup_File_Table::prepare_items() should be compatible with WP_List_Table::prepare_items() in /home/.sites/381/site6975094/web/schwulissimo/wp-content/plugins/image-cleanup/image-cleanup.file-table.class.php on line 340
[12-Dec-2016 14:46:11 UTC] PHP Strict Standards:  Redefining already defined constructor for class ImageCleanup in /home/.sites/381/site6975094/web/schwulissimo/wp-content/plugins/image-cleanup/image-cleanup.plugin.php on line 111
[12-Dec-2016 14:46:11 UTC] PHP Strict Standards:  Declaration of Image_Cleanup_Backup_Table::prepare_items() should be compatible with WP_List_Table::prepare_items() in /home/.sites/381/site6975094/web/schwulissimo/wp-content/plugins/image-cleanup/image-cleanup.backup-table.class.php on line 8
[12-Dec-2016 14:46:11 UTC] PHP Strict Standards:  Declaration of Image_Cleanup_File_Table::prepare_items() should be compatible with WP_List_Table::prepare_items() in /home/.sites/381/site6975094/web/schwulissimo/wp-content/plugins/image-cleanup/image-cleanup.file-table.class.php on line 340
[12-Dec-2016 14:46:11 UTC] PHP Strict Standards:  Redefining already defined constructor for class ImageCleanup in /home/.sites/381/site6975094/web/schwulissimo/wp-content/plugins/image-cleanup/image-cleanup.plugin.php on line 111
[12-Dec-2016 14:46:11 UTC] PHP Strict Standards:  Declaration of Image_Cleanup_Backup_Table::prepare_items() should be compatible with WP_List_Table::prepare_items() in /home/.sites/381/site6975094/web/schwulissimo/wp-content/plugins/image-cleanup/image-cleanup.backup-table.class.php on line 8
[12-Dec-2016 14:46:11 UTC] PHP Strict Standards:  Declaration of Image_Cleanup_File_Table::prepare_items() should be compatible with WP_List_Table::prepare_items() in /home/.sites/381/site6975094/web/schwulissimo/wp-content/plugins/image-cleanup/image-cleanup.file-table.class.php on line 340
[12-Dec-2016 14:46:11 UTC] PHP Strict Standards:  Redefining already defined constructor for class ImageCleanup in /home/.sites/381/site6975094/web/schwulissimo/wp-content/plugins/image-cleanup/image-cleanup.plugin.php on line 111
[12-Dec-2016 14:46:11 UTC] PHP Strict Standards:  Declaration of Image_Cleanup_Backup_Table::prepare_items() should be compatible with WP_List_Table::prepare_items() in /home/.sites/381/site6975094/web/schwulissimo/wp-content/plugins/image-cleanup/image-cleanup.backup-table.class.php on line 8
[12-Dec-2016 14:46:11 UTC] PHP Strict Standards:  Declaration of Image_Cleanup_File_Table::prepare_items() should be compatible with WP_List_Table::prepare_items() in /home/.sites/381/site6975094/web/schwulissimo/wp-content/plugins/image-cleanup/image-cleanup.file-table.class.php on line 340
[12-Dec-2016 14:46:11 UTC] PHP Strict Standards:  Redefining already defined constructor for class ImageCleanup in /home/.sites/381/site6975094/web/schwulissimo/wp-content/plugins/image-cleanup/image-cleanup.plugin.php on line 111
[12-Dec-2016 14:46:11 UTC] PHP Strict Standards:  Redefining already defined constructor for class ImageCleanup in /home/.sites/381/site6975094/web/schwulissimo/wp-content/plugins/image-cleanup/image-cleanup.plugin.php on line 111
[12-Dec-2016 14:46:11 UTC] PHP Strict Standards:  Declaration of Image_Cleanup_Backup_Table::prepare_items() should be compatible with WP_List_Table::prepare_items() in /home/.sites/381/site6975094/web/schwulissimo/wp-content/plugins/image-cleanup/image-cleanup.backup-table.class.php on line 8
[12-Dec-2016 14:46:11 UTC] PHP Strict Standards:  Declaration of Image_Cleanup_File_Table::prepare_items() should be compatible with WP_List_Table::prepare_items() in /home/.sites/381/site6975094/web/schwulissimo/wp-content/plugins/image-cleanup/image-cleanup.file-table.class.php on line 340
[12-Dec-2016 14:46:11 UTC] PHP Strict Standards:  Declaration of Image_Cleanup_Backup_Table::prepare_items() should be compatible with WP_List_Table::prepare_items() in /home/.sites/381/site6975094/web/schwulissimo/wp-content/plugins/image-cleanup/image-cleanup.backup-table.class.php on line 8
[12-Dec-2016 14:46:11 UTC] PHP Strict Standards:  Declaration of Image_Cleanup_File_Table::prepare_items() should be compatible with WP_List_Table::prepare_items() in /home/.sites/381/site6975094/web/schwulissimo/wp-content/plugins/image-cleanup/image-cleanup.file-table.class.php on line 340
[12-Dec-2016 14:46:14 UTC] PHP Warning:  getimagesize(/home/.sites/381/site6975094/web/schwulissimo/wp-content/themes/schwulissimo/inc/tmp/galerien/_20070217/005.jpg): failed to open stream: No such file or directory in /home/.sites/381/site6975094/web/schwulissimo/wp-content/themes/schwulissimo/inc/SimpleImage.php on line 1226
[12-Dec-2016 14:46:14 UTC] PHP Fatal error:  Uncaught exception 'Exception' with message 'Invalid image: /home/.sites/381/site6975094/web/schwulissimo/wp-content/themes/schwulissimo/inc/tmp/galerien/_20070217/005.jpg' in /home/.sites/381/site6975094/web/schwulissimo/wp-content/themes/schwulissimo/inc/SimpleImage.php:1239
Stack trace:
#0 /home/.sites/381/site6975094/web/schwulissimo/wp-content/themes/schwulissimo/inc/SimpleImage.php(546): abeautifulsite\SimpleImage->get_meta_data()
#1 /home/.sites/381/site6975094/web/schwulissimo/wp-content/themes/schwulissimo/inc/SimpleImage.php(47): abeautifulsite\SimpleImage->load('/home/.sites/38...')
#2 /home/.sites/381/site6975094/web/schwulissimo/wp-content/themes/schwulissimo/inc/importer-partypics.php(229): abeautifulsite\SimpleImage->__construct('/home/.sites/38...')
#3 [internal function]: {closure}('')
#4 /home/.sites/381/site6975094/web/schwulissimo/wp-includes/plugin.php(524): call_user_func_array(Object(Closure), Array)
#5 /home/.sites/381/site6975094/web/schwulissimo/wp-admin/admin-ajax.php(91): do_action in /home/.sites/381/site6975094/web/schwulissimo/wp-content/themes/schwulissimo/inc/SimpleImage.php on line 1239
[12-Dec-2016 14:46:14 UTC] PHP Warning:  getimagesize(/home/.sites/381/site6975094/web/schwulissimo/wp-content/themes/schwulissimo/inc/tmp/galerien/_20070217/006.jpg): failed to open stream: No such file or directory in /home/.sites/381/site6975094/web/schwulissimo/wp-content/themes/schwulissimo/inc/SimpleImage.php on line 1226
[12-Dec-2016 14:46:14 UTC] PHP Fatal error:  Uncaught exception 'Exception' with message 'Invalid image: /home/.sites/381/site6975094/web/schwulissimo/wp-content/themes/schwulissimo/inc/tmp/galerien/_20070217/006.jpg' in /home/.sites/381/site6975094/web/schwulissimo/wp-content/themes/schwulissimo/inc/SimpleImage.php:1239
Stack trace:
#0 /home/.sites/381/site6975094/web/schwulissimo/wp-content/themes/schwulissimo/inc/SimpleImage.php(546): abeautifulsite\SimpleImage->get_meta_data()
#1 /home/.sites/381/site6975094/web/schwulissimo/wp-content/themes/schwulissimo/inc/SimpleImage.php(47): abeautifulsite\SimpleImage->load('/home/.sites/38...')
#2 /home/.sites/381/site6975094/web/schwulissimo/wp-content/themes/schwulissimo/inc/importer-partypics.php(229): abeautifulsite\SimpleImage->__construct('/home/.sites/38...')
#3 [internal function]: {closure}('')
#4 /home/.sites/381/site6975094/web/schwulissimo/wp-includes/plugin.php(524): call_user_func_array(Object(Closure), Array)
#5 /home/.sites/381/site6975094/web/schwulissimo/wp-admin/admin-ajax.php(91): do_action in /home/.sites/381/site6975094/web/schwulissimo/wp-content/themes/schwulissimo/inc/SimpleImage.php on line 1239
[12-Dec-2016 14:46:14 UTC] PHP Warning:  getimagesize(/home/.sites/381/site6975094/web/schwulissimo/wp-content/themes/schwulissimo/inc/tmp/galerien/_20070217/007.jpg): failed to open stream: No such file or directory in /home/.sites/381/site6975094/web/schwulissimo/wp-content/themes/schwulissimo/inc/SimpleImage.php on line 1226
[12-Dec-2016 14:46:14 UTC] PHP Fatal error:  Uncaught exception 'Exception' with message 'Invalid image: /home/.sites/381/site6975094/web/schwulissimo/wp-content/themes/schwulissimo/inc/tmp/galerien/_20070217/007.jpg' in /home/.sites/381/site6975094/web/schwulissimo/wp-content/themes/schwulissimo/inc/SimpleImage.php:1239
Stack trace:
#0 /home/.sites/381/site6975094/web/schwulissimo/wp-content/themes/schwulissimo/inc/SimpleImage.php(546): abeautifulsite\SimpleImage->get_meta_data()
#1 /home/.sites/381/site6975094/web/schwulissimo/wp-content/themes/schwulissimo/inc/SimpleImage.php(47): abeautifulsite\SimpleImage->load('/home/.sites/38...')
#2 /home/.sites/381/site6975094/web/schwulissimo/wp-content/themes/schwulissimo/inc/importer-partypics.php(229): abeautifulsite\SimpleImage->__construct('/home/.sites/38...')
#3 [internal function]: {closure}('')
#4 /home/.sites/381/site6975094/web/schwulissimo/wp-includes/plugin.php(524): call_user_func_array(Object(Closure), Array)
#5 /home/.sites/381/site6975094/web/schwulissimo/wp-admin/admin-ajax.php(91): do_action in /home/.sites/381/site6975094/web/schwulissimo/wp-content/themes/schwulissimo/inc/SimpleImage.php on line 1239
[12-Dec-2016 14:46:14 UTC] PHP Warning:  getimagesize(/home/.sites/381/site6975094/web/schwulissimo/wp-content/themes/schwulissimo/inc/tmp/galerien/_20070217/008.jpg): failed to open stream: No such file or directory in /home/.sites/381/site6975094/web/schwulissimo/wp-content/themes/schwulissimo/inc/SimpleImage.php on line 1226
[12-Dec-2016 14:46:14 UTC] PHP Fatal error:  Uncaught exception 'Exception' with message 'Invalid image: /home/.sites/381/site6975094/web/schwulissimo/wp-content/themes/schwulissimo/inc/tmp/galerien/_20070217/008.jpg' in /home/.sites/381/site6975094/web/schwulissimo/wp-content/themes/schwulissimo/inc/SimpleImage.php:1239
Stack trace:
#0 /home/.sites/381/site6975094/web/schwulissimo/wp-content/themes/schwulissimo/inc/SimpleImage.php(546): abeautifulsite\SimpleImage->get_meta_data()
#1 /home/.sites/381/site6975094/web/schwulissimo/wp-content/themes/schwulissimo/inc/SimpleImage.php(47): abeautifulsite\SimpleImage->load('/home/.sites/38...')
#2 /home/.sites/381/site6975094/web/schwulissimo/wp-content/themes/schwulissimo/inc/importer-partypics.php(229): abeautifulsite\SimpleImage->__construct('/home/.sites/38...')
#3 [internal function]: {closure}('')
#4 /home/.sites/381/site6975094/web/schwulissimo/wp-includes/plugin.php(524): call_user_func_array(Object(Closure), Array)
#5 /home/.sites/381/site6975094/web/schwulissimo/wp-admin/admin-ajax.php(91): do_action in /home/.sites/381/site6975094/web/schwulissimo/wp-content/themes/schwulissimo/inc/SimpleImage.php on line 1239
[12-Dec-2016 14:46:14 UTC] PHP Warning:  getimagesize(/home/.sites/381/site6975094/web/schwulissimo/wp-content/themes/schwulissimo/inc/tmp/galerien/_20070217/009.jpg): failed to open stream: No such file or directory in /home/.sites/381/site6975094/web/schwulissimo/wp-content/themes/schwulissimo/inc/SimpleImage.php on line 1226
[12-Dec-2016 14:46:14 UTC] PHP Fatal error:  Uncaught exception 'Exception' with message 'Invalid image: /home/.sites/381/site6975094/web/schwulissimo/wp-content/themes/schwulissimo/inc/tmp/galerien/_20070217/009.jpg' in /home/.sites/381/site6975094/web/schwulissimo/wp-content/themes/schwulissimo/inc/SimpleImage.php:1239
Stack trace:
#0 /home/.sites/381/site6975094/web/schwulissimo/wp-content/themes/schwulissimo/inc/SimpleImage.php(546): abeautifulsite\SimpleImage->get_meta_data()
#1 /home/.sites/381/site6975094/web/schwulissimo/wp-content/themes/schwulissimo/inc/SimpleImage.php(47): abeautifulsite\SimpleImage->load('/home/.sites/38...')
#2 /home/.sites/381/site6975094/web/schwulissimo/wp-content/themes/schwulissimo/inc/importer-partypics.php(229): abeautifulsite\SimpleImage->__construct('/home/.sites/38...')
#3 [internal function]: {closure}('')
#4 /home/.sites/381/site6975094/web/schwulissimo/wp-includes/plugin.php(524): call_user_func_array(Object(Closure), Array)
#5 /home/.sites/381/site6975094/web/schwulissimo/wp-admin/admin-ajax.php(91): do_action in /home/.sites/381/site6975094/web/schwulissimo/wp-content/themes/schwulissimo/inc/SimpleImage.php on line 1239
[12-Dec-2016 14:46:14 UTC] PHP Warning:  getimagesize(/home/.sites/381/site6975094/web/schwulissimo/wp-content/themes/schwulissimo/inc/tmp/galerien/_20070217/010.jpg): failed to open stream: No such file or directory in /home/.sites/381/site6975094/web/schwulissimo/wp-content/themes/schwulissimo/inc/SimpleImage.php on line 1226
[12-Dec-2016 14:46:14 UTC] PHP Fatal error:  Uncaught exception 'Exception' with message 'Invalid image: /home/.sites/381/site6975094/web/schwulissimo/wp-content/themes/schwulissimo/inc/tmp/galerien/_20070217/010.jpg' in /home/.sites/381/site6975094/web/schwulissimo/wp-content/themes/schwulissimo/inc/SimpleImage.php:1239
Stack trace:
#0 /home/.sites/381/site6975094/web/schwulissimo/wp-content/themes/schwulissimo/inc/SimpleImage.php(546): abeautifulsite\SimpleImage->get_meta_data()
#1 /home/.sites/381/site6975094/web/schwulissimo/wp-content/themes/schwulissimo/inc/SimpleImage.php(47): abeautifulsite\SimpleImage->load('/home/.sites/38...')
#2 /home/.sites/381/site6975094/web/schwulissimo/wp-content/themes/schwulissimo/inc/importer-partypics.php(229): abeautifulsite\SimpleImage->__construct('/home/.sites/38...')
#3 [internal function]: {closure}('')
#4 /home/.sites/381/site6975094/web/schwulissimo/wp-includes/plugin.php(524): call_user_func_array(Object(Closure), Array)
#5 /home/.sites/381/site6975094/web/schwulissimo/wp-admin/admin-ajax.php(91): do_action in /home/.sites/381/site6975094/web/schwulissimo/wp-content/themes/schwulissimo/inc/SimpleImage.php on line 1239
[12-Dec-2016 14:46:16 UTC] PHP Strict Standards:  Redefining already defined constructor for class ImageCleanup in /home/.sites/381/site6975094/web/schwulissimo/wp-content/plugins/image-cleanup/image-cleanup.plugin.php on line 111
[12-Dec-2016 14:46:16 UTC] PHP Strict Standards:  Redefining already defined constructor for class ImageCleanup in /home/.sites/381/site6975094/web/schwulissimo/wp-content/plugins/image-cleanup/image-cleanup.plugin.php on line 111
[12-Dec-2016 14:46:16 UTC] PHP Strict Standards:  Declaration of Image_Cleanup_Backup_Table::prepare_items() should be compatible with WP_List_Table::prepare_items() in /home/.sites/381/site6975094/web/schwulissimo/wp-content/plugins/image-cleanup/image-cleanup.backup-table.class.php on line 8
[12-Dec-2016 14:46:16 UTC] PHP Strict Standards:  Declaration of Image_Cleanup_File_Table::prepare_items() should be compatible with WP_List_Table::prepare_items() in /home/.sites/381/site6975094/web/schwulissimo/wp-content/plugins/image-cleanup/image-cleanup.file-table.class.php on line 340
[12-Dec-2016 14:46:16 UTC] PHP Strict Standards:  Declaration of Image_Cleanup_Backup_Table::prepare_items() should be compatible with WP_List_Table::prepare_items() in /home/.sites/381/site6975094/web/schwulissimo/wp-content/plugins/image-cleanup/image-cleanup.backup-table.class.php on line 8
[12-Dec-2016 14:46:16 UTC] PHP Strict Standards:  Declaration of Image_Cleanup_File_Table::prepare_items() should be compatible with WP_List_Table::prepare_items() in /home/.sites/381/site6975094/web/schwulissimo/wp-content/plugins/image-cleanup/image-cleanup.file-table.class.php on line 340
[12-Dec-2016 14:46:16 UTC] PHP Strict Standards:  Redefining already defined constructor for class ImageCleanup in /home/.sites/381/site6975094/web/schwulissimo/wp-content/plugins/image-cleanup/image-cleanup.plugin.php on line 111
[12-Dec-2016 14:46:16 UTC] PHP Strict Standards:  Declaration of Image_Cleanup_Backup_Table::prepare_items() should be compatible with WP_List_Table::prepare_items() in /home/.sites/381/site6975094/web/schwulissimo/wp-content/plugins/image-cleanup/image-cleanup.backup-table.class.php on line 8
[12-Dec-2016 14:46:16 UTC] PHP Strict Standards:  Declaration of Image_Cleanup_File_Table::prepare_items() should be compatible with WP_List_Table::prepare_items() in /home/.sites/381/site6975094/web/schwulissimo/wp-content/plugins/image-cleanup/image-cleanup.file-table.class.php on line 340
[12-Dec-2016 14:46:16 UTC] PHP Strict Standards:  Redefining already defined constructor for class ImageCleanup in /home/.sites/381/site6975094/web/schwulissimo/wp-content/plugins/image-cleanup/image-cleanup.plugin.php on line 111
[12-Dec-2016 14:46:16 UTC] PHP Strict Standards:  Declaration of Image_Cleanup_Backup_Table::prepare_items() should be compatible with WP_List_Table::prepare_items() in /home/.sites/381/site6975094/web/schwulissimo/wp-content/plugins/image-cleanup/image-cleanup.backup-table.class.php on line 8
[12-Dec-2016 14:46:16 UTC] PHP Strict Standards:  Declaration of Image_Cleanup_File_Table::prepare_items() should be compatible with WP_List_Table::prepare_items() in /home/.sites/381/site6975094/web/schwulissimo/wp-content/plugins/image-cleanup/image-cleanup.file-table.class.php on line 340
[12-Dec-2016 14:46:16 UTC] PHP Strict Standards:  Redefining already defined constructor for class ImageCleanup in /home/.sites/381/site6975094/web/schwulissimo/wp-content/plugins/image-cleanup/image-cleanup.plugin.php on line 111
[12-Dec-2016 14:46:16 UTC] PHP Strict Standards:  Declaration of Image_Cleanup_Backup_Table::prepare_items() should be compatible with WP_List_Table::prepare_items() in /home/.sites/381/site6975094/web/schwulissimo/wp-content/plugins/image-cleanup/image-cleanup.backup-table.class.php on line 8
[12-Dec-2016 14:46:16 UTC] PHP Strict Standards:  Declaration of Image_Cleanup_File_Table::prepare_items() should be compatible with WP_List_Table::prepare_items() in /home/.sites/381/site6975094/web/schwulissimo/wp-content/plugins/image-cleanup/image-cleanup.file-table.class.php on line 340
[12-Dec-2016 14:46:16 UTC] PHP Strict Standards:  Redefining already defined constructor for class ImageCleanup in /home/.sites/381/site6975094/web/schwulissimo/wp-content/plugins/image-cleanup/image-cleanup.plugin.php on line 111
[12-Dec-2016 14:46:16 UTC] PHP Strict Standards:  Declaration of Image_Cleanup_Backup_Table::prepare_items() should be compatible with WP_List_Table::prepare_items() in /home/.sites/381/site6975094/web/schwulissimo/wp-content/plugins/image-cleanup/image-cleanup.backup-table.class.php on line 8
[12-Dec-2016 14:46:16 UTC] PHP Strict Standards:  Declaration of Image_Cleanup_File_Table::prepare_items() should be compatible with WP_List_Table::prepare_items() in /home/.sites/381/site6975094/web/schwulissimo/wp-content/plugins/image-cleanup/image-cleanup.file-table.class.php on line 340
[12-Dec-2016 14:46:19 UTC] PHP Warning:  getimagesize(/home/.sites/381/site6975094/web/schwulissimo/wp-content/themes/schwulissimo/inc/tmp/galerien/_20070217/011.jpg): failed to open stream: No such file or directory in /home/.sites/381/site6975094/web/schwulissimo/wp-content/themes/schwulissimo/inc/SimpleImage.php on line 1226
[12-Dec-2016 14:46:19 UTC] PHP Fatal error:  Uncaught exception 'Exception' with message 'Invalid image: /home/.sites/381/site6975094/web/schwulissimo/wp-content/themes/schwulissimo/inc/tmp/galerien/_20070217/011.jpg' in /home/.sites/381/site6975094/web/schwulissimo/wp-content/themes/schwulissimo/inc/SimpleImage.php:1239
Stack trace:
#0 /home/.sites/381/site6975094/web/schwulissimo/wp-content/themes/schwulissimo/inc/SimpleImage.php(546): abeautifulsite\SimpleImage->get_meta_data()
#1 /home/.sites/381/site6975094/web/schwulissimo/wp-content/themes/schwulissimo/inc/SimpleImage.php(47): abeautifulsite\SimpleImage->load('/home/.sites/38...')
#2 /home/.sites/381/site6975094/web/schwulissimo/wp-content/themes/schwulissimo/inc/importer-partypics.php(229): abeautifulsite\SimpleImage->__construct('/home/.sites/38...')
#3 [internal function]: {closure}('')
#4 /home/.sites/381/site6975094/web/schwulissimo/wp-includes/plugin.php(524): call_user_func_array(Object(Closure), Array)
#5 /home/.sites/381/site6975094/web/schwulissimo/wp-admin/admin-ajax.php(91): do_action in /home/.sites/381/site6975094/web/schwulissimo/wp-content/themes/schwulissimo/inc/SimpleImage.php on line 1239
[12-Dec-2016 14:46:19 UTC] PHP Warning:  getimagesize(/home/.sites/381/site6975094/web/schwulissimo/wp-content/themes/schwulissimo/inc/tmp/galerien/_20070217/012.jpg): failed to open stream: No such file or directory in /home/.sites/381/site6975094/web/schwulissimo/wp-content/themes/schwulissimo/inc/SimpleImage.php on line 1226
[12-Dec-2016 14:46:19 UTC] PHP Fatal error:  Uncaught exception 'Exception' with message 'Invalid image: /home/.sites/381/site6975094/web/schwulissimo/wp-content/themes/schwulissimo/inc/tmp/galerien/_20070217/012.jpg' in /home/.sites/381/site6975094/web/schwulissimo/wp-content/themes/schwulissimo/inc/SimpleImage.php:1239
Stack trace:
#0 /home/.sites/381/site6975094/web/schwulissimo/wp-content/themes/schwulissimo/inc/SimpleImage.php(546): abeautifulsite\SimpleImage->get_meta_data()
#1 /home/.sites/381/site6975094/web/schwulissimo/wp-content/themes/schwulissimo/inc/SimpleImage.php(47): abeautifulsite\SimpleImage->load('/home/.sites/38...')
#2 /home/.sites/381/site6975094/web/schwulissimo/wp-content/themes/schwulissimo/inc/importer-partypics.php(229): abeautifulsite\SimpleImage->__construct('/home/.sites/38...')
#3 [internal function]: {closure}('')
#4 /home/.sites/381/site6975094/web/schwulissimo/wp-includes/plugin.php(524): call_user_func_array(Object(Closure), Array)
#5 /home/.sites/381/site6975094/web/schwulissimo/wp-admin/admin-ajax.php(91): do_action in /home/.sites/381/site6975094/web/schwulissimo/wp-content/themes/schwulissimo/inc/SimpleImage.php on line 1239
[12-Dec-2016 14:46:19 UTC] PHP Warning:  getimagesize(/home/.sites/381/site6975094/web/schwulissimo/wp-content/themes/schwulissimo/inc/tmp/galerien/_20070217/013.jpg): failed to open stream: No such file or directory in /home/.sites/381/site6975094/web/schwulissimo/wp-content/themes/schwulissimo/inc/SimpleImage.php on line 1226
[12-Dec-2016 14:46:19 UTC] PHP Fatal error:  Uncaught exception 'Exception' with message 'Invalid image: /home/.sites/381/site6975094/web/schwulissimo/wp-content/themes/schwulissimo/inc/tmp/galerien/_20070217/013.jpg' in /home/.sites/381/site6975094/web/schwulissimo/wp-content/themes/schwulissimo/inc/SimpleImage.php:1239
Stack trace:
#0 /home/.sites/381/site6975094/web/schwulissimo/wp-content/themes/schwulissimo/inc/SimpleImage.php(546): abeautifulsite\SimpleImage->get_meta_data()
#1 /home/.sites/381/site6975094/web/schwulissimo/wp-content/themes/schwulissimo/inc/SimpleImage.php(47): abeautifulsite\SimpleImage->load('/home/.sites/38...')
#2 /home/.sites/381/site6975094/web/schwulissimo/wp-content/themes/schwulissimo/inc/importer-partypics.php(229): abeautifulsite\SimpleImage->__construct('/home/.sites/38...')
#3 [internal function]: {closure}('')
#4 /home/.sites/381/site6975094/web/schwulissimo/wp-includes/plugin.php(524): call_user_func_array(Object(Closure), Array)
#5 /home/.sites/381/site6975094/web/schwulissimo/wp-admin/admin-ajax.php(91): do_action in /home/.sites/381/site6975094/web/schwulissimo/wp-content/themes/schwulissimo/inc/SimpleImage.php on line 1239
[12-Dec-2016 14:46:19 UTC] PHP Warning:  getimagesize(/home/.sites/381/site6975094/web/schwulissimo/wp-content/themes/schwulissimo/inc/tmp/galerien/_20070217/014.jpg): failed to open stream: No such file or directory in /home/.sites/381/site6975094/web/schwulissimo/wp-content/themes/schwulissimo/inc/SimpleImage.php on line 1226
[12-Dec-2016 14:46:19 UTC] PHP Fatal error:  Uncaught exception 'Exception' with message 'Invalid image: /home/.sites/381/site6975094/web/schwulissimo/wp-content/themes/schwulissimo/inc/tmp/galerien/_20070217/014.jpg' in /home/.sites/381/site6975094/web/schwulissimo/wp-content/themes/schwulissimo/inc/SimpleImage.php:1239
Stack trace:
#0 /home/.sites/381/site6975094/web/schwulissimo/wp-content/themes/schwulissimo/inc/SimpleImage.php(546): abeautifulsite\SimpleImage->get_meta_data()
#1 /home/.sites/381/site6975094/web/schwulissimo/wp-content/themes/schwulissimo/inc/SimpleImage.php(47): abeautifulsite\SimpleImage->load('/home/.sites/38...')
#2 /home/.sites/381/site6975094/web/schwulissimo/wp-content/themes/schwulissimo/inc/importer-partypics.php(229): abeautifulsite\SimpleImage->__construct('/home/.sites/38...')
#3 [internal function]: {closure}('')
#4 /home/.sites/381/site6975094/web/schwulissimo/wp-includes/plugin.php(524): call_user_func_array(Object(Closure), Array)
#5 /home/.sites/381/site6975094/web/schwulissimo/wp-admin/admin-ajax.php(91): do_action in /home/.sites/381/site6975094/web/schwulissimo/wp-content/themes/schwulissimo/inc/SimpleImage.php on line 1239
[12-Dec-2016 14:46:20 UTC] PHP Strict Standards:  Redefining already defined constructor for class ImageCleanup in /home/.sites/381/site6975094/web/schwulissimo/wp-content/plugins/image-cleanup/image-cleanup.plugin.php on line 111
[12-Dec-2016 14:46:20 UTC] PHP Strict Standards:  Declaration of Image_Cleanup_Backup_Table::prepare_items() should be compatible with WP_List_Table::prepare_items() in /home/.sites/381/site6975094/web/schwulissimo/wp-content/plugins/image-cleanup/image-cleanup.backup-table.class.php on line 8
[12-Dec-2016 14:46:20 UTC] PHP Strict Standards:  Declaration of Image_Cleanup_File_Table::prepare_items() should be compatible with WP_List_Table::prepare_items() in /home/.sites/381/site6975094/web/schwulissimo/wp-content/plugins/image-cleanup/image-cleanup.file-table.class.php on line 340
[12-Dec-2016 14:46:20 UTC] PHP Warning:  getimagesize(/home/.sites/381/site6975094/web/schwulissimo/wp-content/themes/schwulissimo/inc/tmp/galerien/_20070217/015.jpg): failed to open stream: No such file or directory in /home/.sites/381/site6975094/web/schwulissimo/wp-content/themes/schwulissimo/inc/SimpleImage.php on line 1226
[12-Dec-2016 14:46:20 UTC] PHP Fatal error:  Uncaught exception 'Exception' with message 'Invalid image: /home/.sites/381/site6975094/web/schwulissimo/wp-content/themes/schwulissimo/inc/tmp/galerien/_20070217/015.jpg' in /home/.sites/381/site6975094/web/schwulissimo/wp-content/themes/schwulissimo/inc/SimpleImage.php:1239
Stack trace:
#0 /home/.sites/381/site6975094/web/schwulissimo/wp-content/themes/schwulissimo/inc/SimpleImage.php(546): abeautifulsite\SimpleImage->get_meta_data()
#1 /home/.sites/381/site6975094/web/schwulissimo/wp-content/themes/schwulissimo/inc/SimpleImage.php(47): abeautifulsite\SimpleImage->load('/home/.sites/38...')
#2 /home/.sites/381/site6975094/web/schwulissimo/wp-content/themes/schwulissimo/inc/importer-partypics.php(229): abeautifulsite\SimpleImage->__construct('/home/.sites/38...')
#3 [internal function]: {closure}('')
#4 /home/.sites/381/site6975094/web/schwulissimo/wp-includes/plugin.php(524): call_user_func_array(Object(Closure), Array)
#5 /home/.sites/381/site6975094/web/schwulissimo/wp-admin/admin-ajax.php(91): do_action in /home/.sites/381/site6975094/web/schwulissimo/wp-content/themes/schwulissimo/inc/SimpleImage.php on line 1239
